\BOOKMARK [0][-]{chapter*.1}{Abstract}{}% 1
\BOOKMARK [0][-]{chapter*.2}{Acknowledgments}{}% 2
\BOOKMARK [0][-]{chapter.1}{Reverse Engineering Swarm Behaviors Through Turing Learning}{}% 3
\BOOKMARK [1][-]{section.1.1}{Methodology}{chapter.1}% 4
\BOOKMARK [2][-]{subsection.1.1.1}{Turing Learning}{section.1.1}% 5
\BOOKMARK [3][-]{subsubsection.1.1.1.1}{Models}{subsection.1.1.1}% 6
\BOOKMARK [3][-]{subsubsection.1.1.1.2}{Classifiers}{subsection.1.1.1}% 7
\BOOKMARK [3][-]{subsubsection.1.1.1.3}{Optimization Algorithm}{subsection.1.1.1}% 8
\BOOKMARK [3][-]{subsubsection.1.1.1.4}{Fitness Calculation}{subsection.1.1.1}% 9
\BOOKMARK [3][-]{subsubsection.1.1.1.5}{Termination Criterion}{subsection.1.1.1}% 10
\BOOKMARK [2][-]{subsection.1.1.2}{Case Studies}{section.1.1}% 11
\BOOKMARK [3][-]{subsubsection.1.1.2.1}{Problem Formulation}{subsection.1.1.2}% 12
\BOOKMARK [3][-]{subsubsection.1.1.2.2}{Aggregation}{subsection.1.1.2}% 13
\BOOKMARK [3][-]{subsubsection.1.1.2.3}{Object Clustering}{subsection.1.1.2}% 14
\BOOKMARK [1][-]{section.1.2}{Simulation Platform and Setups}{chapter.1}% 15
\BOOKMARK [2][-]{subsection.1.2.1}{Simulation Platform}{section.1.2}% 16
\BOOKMARK [2][-]{subsection.1.2.2}{Simulation Setups}{section.1.2}% 17
\BOOKMARK [1][-]{section.1.3}{Simulation Results}{chapter.1}% 18
\BOOKMARK [2][-]{subsection.1.3.1}{Analysis of Evolved Models}{section.1.3}% 19
\BOOKMARK [2][-]{subsection.1.3.2}{Coevolutionary Dynamics}{section.1.3}% 20
\BOOKMARK [2][-]{subsection.1.3.3}{Analysis of Evolved Classifiers}{section.1.3}% 21
\BOOKMARK [3][-]{subsubsection.1.3.3.1}{Using a Single Classifier}{subsection.1.3.3}% 22
\BOOKMARK [3][-]{subsubsection.1.3.3.2}{Using a Classifier System}{subsection.1.3.3}% 23
\BOOKMARK [2][-]{subsection.1.3.4}{Observing Only a Subset of Agents}{section.1.3}% 24
\BOOKMARK [2][-]{subsection.1.3.5}{Evolving Control and Morphology}{section.1.3}% 25
\BOOKMARK [2][-]{subsection.1.3.6}{Evolving Other Behaviors}{section.1.3}% 26
\BOOKMARK [2][-]{subsection.1.3.7}{Noise Study}{section.1.3}% 27
\BOOKMARK [1][-]{section.1.4}{Summary}{chapter.1}% 28
